[debug] [2023-02-17T11:57:30.373Z] ----------------------------------------------------------------------
[debug] [2023-02-17T11:57:30.376Z] Command:       C:\Program Files\nodejs\node.exe C:\Users\tannu\AppData\Roaming\npm\node_modules\firebase-tools\lib\bin\firebase.js init hosting
[debug] [2023-02-17T11:57:30.376Z] CLI Version:   11.22.0
[debug] [2023-02-17T11:57:30.376Z] Platform:      win32
[debug] [2023-02-17T11:57:30.377Z] Node Version:  v16.13.2
[debug] [2023-02-17T11:57:30.378Z] Time:          Fri Feb 17 2023 17:27:30 GMT+0530 (India Standard Time)
[debug] [2023-02-17T11:57:30.378Z] ----------------------------------------------------------------------
[debug] 
[debug] [2023-02-17T11:57:30.386Z] >>> [apiv2][query] GET https://firebase-public.firebaseio.com/cli.json [none]
[debug] [2023-02-17T11:57:30.527Z] > command requires scopes: ["email","openid","https://www.googleapis.com/auth/cloudplatformprojects.readonly","https://www.googleapis.com/auth/firebase","https://www.googleapis.com/auth/cloud-platform"]
[debug] [2023-02-17T11:57:30.527Z] > authorizing via signed-in user (tannushree.thapliyal@gmail.com)
[info] 
     ######## #### ########  ######## ########     ###     ######  ########
     ##        ##  ##     ## ##       ##     ##  ##   ##  ##       ##
     ######    ##  ########  ######   ########  #########  ######  ######
     ##        ##  ##    ##  ##       ##     ## ##     ##       ## ##
     ##       #### ##     ## ######## ########  ##     ##  ######  ########

You're about to initialize a Firebase project in this directory:

  D:\Projects\HarshCollections

Before we get started, keep in mind:

  * You are initializing within an existing Firebase project directory

[debug] [2023-02-17T11:57:32.241Z] <<< [apiv2][status] GET https://firebase-public.firebaseio.com/cli.json 200
[debug] [2023-02-17T11:57:32.243Z] <<< [apiv2][body] GET https://firebase-public.firebaseio.com/cli.json {"cloudBuildErrorAfter":1594252800000,"cloudBuildWarnAfter":1590019200000,"defaultNode10After":1594252800000,"minVersion":"3.0.5","node8DeploysDisabledAfter":1613390400000,"node8RuntimeDisabledAfter":1615809600000,"node8WarnAfter":1600128000000}
[info] 
=== Project Setup
[info] 
[info] First, let's associate this project directory with a Firebase project.
[info] You can create multiple project aliases by running firebase use --add, 
[info] but for now we'll just set up a default project.
[info] 
[debug] [2023-02-17T11:57:38.770Z] Using project from CLI flag: multimart-e969c
[debug] [2023-02-17T11:57:38.772Z] > refreshing access token with scopes: []
[debug] [2023-02-17T11:57:38.777Z] >>> [apiv2][query] POST https://www.googleapis.com/oauth2/v3/token [none]
[debug] [2023-02-17T11:57:38.777Z] >>> [apiv2][body] POST https://www.googleapis.com/oauth2/v3/token [omitted]
[debug] [2023-02-17T11:57:39.089Z] <<< [apiv2][status] POST https://www.googleapis.com/oauth2/v3/token 200
[debug] [2023-02-17T11:57:39.090Z] <<< [apiv2][body] POST https://www.googleapis.com/oauth2/v3/token [omitted]
[debug] [2023-02-17T11:57:39.172Z] >>> [apiv2][query] GET https://firebase.googleapis.com/v1beta1/projects/multimart-e969c [none]
[debug] [2023-02-17T11:57:40.554Z] <<< [apiv2][status] GET https://firebase.googleapis.com/v1beta1/projects/multimart-e969c 200
[debug] [2023-02-17T11:57:40.555Z] <<< [apiv2][body] GET https://firebase.googleapis.com/v1beta1/projects/multimart-e969c {"projectId":"multimart-e969c","projectNumber":"498505295325","displayName":"multimart","name":"projects/multimart-e969c","resources":{"hostingSite":"multimart-e969c","storageBucket":"multimart-e969c.appspot.com","locationId":"us-central"},"state":"ACTIVE","etag":"1_d1b9d5b8-fc7c-44ab-9dba-c7f27cc3532b"}
[info] i  Using project multimart-e969c (multimart) 
[info] 
=== Hosting Setup
[info] 
[info] Your public directory is the folder (relative to your project directory) that
[info] will contain Hosting assets to be uploaded with firebase deploy. If you
[info] have a build process for your assets, use your build's output directory.
[info] 
